TN:
SF:electron\db\initDb.js
FN:10,getDefaultDbPath
FN:31,createDb
FN:47,setDbFile
FN:66,getDbFile
FN:74,getDb
FN:84,closeDb
FN:100,ensureBaseSchema
FN:133,(anonymous_7)
FN:146,getTables
FN:162,getColumns
FN:183,getLastRows
FN:208,addImportLog
FN:229,addImportLogWithErrors
FN:257,getImportLogs
FN:295,(anonymous_14)
FNF:15
FNH:12
FNDA:2,getDefaultDbPath
FNDA:2,createDb
FNDA:0,setDbFile
FNDA:0,getDbFile
FNDA:65,getDb
FNDA:2,closeDb
FNDA:2,ensureBaseSchema
FNDA:18,(anonymous_7)
FNDA:4,getTables
FNDA:4,getColumns
FNDA:4,getLastRows
FNDA:0,addImportLog
FNDA:27,addImportLogWithErrors
FNDA:11,getImportLogs
FNDA:91,(anonymous_14)
DA:3,2
DA:4,2
DA:5,2
DA:11,2
DA:12,2
DA:15,0
DA:16,0
DA:17,0
DA:20,0
DA:24,2
DA:26,2
DA:32,2
DA:35,2
DA:36,2
DA:38,2
DA:40,2
DA:49,0
DA:50,0
DA:52,0
DA:56,0
DA:57,0
DA:58,0
DA:63,0
DA:67,0
DA:75,65
DA:76,2
DA:78,65
DA:85,2
DA:86,2
DA:87,2
DA:91,2
DA:101,2
DA:110,2
DA:113,2
DA:128,2
DA:131,2
DA:132,2
DA:133,18
DA:134,2
DA:135,0
DA:139,0
DA:147,4
DA:148,4
DA:155,4
DA:163,4
DA:165,4
DA:168,4
DA:169,4
DA:170,0
DA:173,4
DA:174,4
DA:184,4
DA:186,4
DA:188,4
DA:189,4
DA:190,0
DA:193,4
DA:197,4
DA:198,4
DA:199,4
DA:201,4
DA:209,0
DA:211,0
DA:216,0
DA:226,0
DA:230,27
DA:232,27
DA:237,27
DA:239,27
DA:250,27
DA:258,11
DA:263,11
DA:265,11
DA:266,11
DA:269,11
DA:270,11
DA:272,11
DA:273,2
DA:274,2
DA:275,2
DA:278,11
DA:281,11
DA:282,11
DA:283,11
DA:286,11
DA:292,11
DA:295,11
DA:296,91
DA:297,91
DA:302,0
DA:306,11
DA:314,2
LF:92
LH:71
BRDA:11,0,0,2
BRDA:11,0,1,0
BRDA:49,1,0,0
BRDA:49,1,1,0
BRDA:57,2,0,0
BRDA:57,2,1,0
BRDA:75,3,0,2
BRDA:75,3,1,63
BRDA:85,4,0,2
BRDA:85,4,1,0
BRDA:134,5,0,0
BRDA:134,5,1,2
BRDA:139,6,0,0
BRDA:139,6,1,0
BRDA:163,7,0,0
BRDA:163,7,1,4
BRDA:169,8,0,0
BRDA:169,8,1,4
BRDA:183,9,0,0
BRDA:184,10,0,0
BRDA:184,10,1,4
BRDA:189,11,0,0
BRDA:189,11,1,4
BRDA:193,12,0,4
BRDA:193,12,1,0
BRDA:193,13,0,4
BRDA:193,13,1,4
BRDA:220,14,0,0
BRDA:220,14,1,0
BRDA:221,15,0,0
BRDA:221,15,1,0
BRDA:222,16,0,0
BRDA:222,16,1,0
BRDA:223,17,0,0
BRDA:223,17,1,0
BRDA:237,18,0,1
BRDA:237,18,1,26
BRDA:243,19,0,27
BRDA:243,19,1,0
BRDA:244,20,0,27
BRDA:244,20,1,0
BRDA:245,21,0,27
BRDA:245,21,1,0
BRDA:246,22,0,1
BRDA:246,22,1,26
BRDA:257,23,0,0
BRDA:260,24,0,0
BRDA:261,25,0,2
BRDA:262,26,0,9
BRDA:265,27,0,11
BRDA:265,27,1,0
BRDA:265,28,0,11
BRDA:265,28,1,11
BRDA:266,29,0,11
BRDA:266,29,1,0
BRDA:266,30,0,11
BRDA:266,30,1,11
BRDA:272,31,0,2
BRDA:272,31,1,9
BRDA:272,32,0,11
BRDA:272,32,1,2
BRDA:278,33,0,2
BRDA:278,33,1,9
BRDA:283,34,0,11
BRDA:283,34,1,0
BRDA:299,35,0,2
BRDA:299,35,1,89
BRF:67
BRH:36
end_of_record
TN:
SF:electron\utils\transformEngine.js
FN:12,parseDate
FN:68,(anonymous_1)
FN:78,(anonymous_2)
FN:87,(anonymous_3)
FN:96,(anonymous_4)
FN:105,(anonymous_5)
FN:118,(anonymous_6)
FN:132,(anonymous_7)
FN:137,(anonymous_8)
FN:147,(anonymous_9)
FN:155,(anonymous_10)
FN:163,(anonymous_11)
FN:171,(anonymous_12)
FN:172,(anonymous_13)
FN:172,(anonymous_14)
FN:178,(anonymous_15)
FN:190,(anonymous_16)
FN:198,(anonymous_17)
FN:206,(anonymous_18)
FN:217,(anonymous_19)
FN:232,(anonymous_20)
FN:240,(anonymous_21)
FN:254,(anonymous_22)
FN:264,(anonymous_23)
FN:273,(anonymous_24)
FN:282,(anonymous_25)
FN:291,(anonymous_26)
FN:292,(anonymous_27)
FN:292,(anonymous_28)
FN:299,(anonymous_29)
FN:300,(anonymous_30)
FN:300,(anonymous_31)
FN:309,(anonymous_32)
FN:316,(anonymous_33)
FN:323,(anonymous_34)
FN:329,(anonymous_35)
FN:339,evaluateExpression
FN:354,(anonymous_37)
FN:390,validateExpression
FN:399,(anonymous_39)
FN:400,(anonymous_40)
FN:412,(anonymous_41)
FN:437,getFunctionDocs
FNF:43
FNH:43
FNDA:21,parseDate
FNDA:8,(anonymous_1)
FNDA:2,(anonymous_2)
FNDA:3,(anonymous_3)
FNDA:3,(anonymous_4)
FNDA:2,(anonymous_5)
FNDA:2,(anonymous_6)
FNDA:1,(anonymous_7)
FNDA:1,(anonymous_8)
FNDA:9,(anonymous_9)
FNDA:3,(anonymous_10)
FNDA:4,(anonymous_11)
FNDA:4,(anonymous_12)
FNDA:12,(anonymous_13)
FNDA:11,(anonymous_14)
FNDA:2,(anonymous_15)
FNDA:1,(anonymous_16)
FNDA:2,(anonymous_17)
FNDA:3,(anonymous_18)
FNDA:4,(anonymous_19)
FNDA:3,(anonymous_20)
FNDA:4,(anonymous_21)
FNDA:7,(anonymous_22)
FNDA:2,(anonymous_23)
FNDA:2,(anonymous_24)
FNDA:2,(anonymous_25)
FNDA:2,(anonymous_26)
FNDA:5,(anonymous_27)
FNDA:4,(anonymous_28)
FNDA:2,(anonymous_29)
FNDA:5,(anonymous_30)
FNDA:4,(anonymous_31)
FNDA:8,(anonymous_32)
FNDA:3,(anonymous_33)
FNDA:2,(anonymous_34)
FNDA:56,(anonymous_35)
FNDA:89,evaluateExpression
FNDA:105,(anonymous_37)
FNDA:5,validateExpression
FNDA:6,(anonymous_39)
FNDA:6,(anonymous_40)
FNDA:15,(anonymous_41)
FNDA:2,getFunctionDocs
DA:1,2
DA:2,2
DA:5,2
DA:13,21
DA:14,21
DA:16,21
DA:19,21
DA:20,21
DA:21,15
DA:22,15
DA:23,15
DA:26,15
DA:27,15
DA:28,15
DA:33,6
DA:34,6
DA:35,1
DA:36,1
DA:37,1
DA:39,1
DA:40,1
DA:41,1
DA:46,5
DA:47,5
DA:48,4
DA:49,4
DA:53,1
DA:54,1
DA:56,1
DA:60,2
DA:69,8
DA:70,7
DA:71,7
DA:72,6
DA:79,2
DA:80,2
DA:81,2
DA:88,3
DA:89,3
DA:90,3
DA:97,3
DA:98,3
DA:99,3
DA:106,2
DA:107,2
DA:108,2
DA:109,2
DA:110,2
DA:119,2
DA:120,2
DA:121,2
DA:122,2
DA:123,2
DA:125,0
DA:132,1
DA:138,1
DA:139,1
DA:148,9
DA:149,8
DA:156,3
DA:157,2
DA:164,4
DA:165,4
DA:172,12
DA:179,2
DA:180,2
DA:181,2
DA:182,0
DA:184,2
DA:191,1
DA:192,1
DA:199,2
DA:200,2
DA:207,3
DA:208,3
DA:209,3
DA:218,4
DA:220,4
DA:221,4
DA:222,4
DA:223,4
DA:225,0
DA:226,0
DA:233,3
DA:234,2
DA:241,4
DA:242,4
DA:243,2
DA:244,2
DA:246,2
DA:255,7
DA:256,7
DA:257,7
DA:258,7
DA:265,2
DA:266,2
DA:267,2
DA:274,2
DA:275,2
DA:276,2
DA:283,2
DA:284,2
DA:285,2
DA:292,5
DA:293,2
DA:300,5
DA:301,2
DA:310,8
DA:317,3
DA:324,2
DA:329,2
DA:330,56
DA:340,89
DA:341,0
DA:344,89
DA:346,89
DA:349,89
DA:352,89
DA:353,89
DA:354,86
DA:355,105
DA:356,105
DA:359,105
DA:362,105
DA:365,105
DA:370,89
DA:373,85
DA:374,2
DA:377,83
DA:380,4
DA:391,5
DA:392,1
DA:395,4
DA:397,4
DA:398,4
DA:399,6
DA:400,6
DA:402,4
DA:403,1
DA:411,3
DA:412,3
DA:414,15
DA:415,3
DA:416,12
DA:417,3
DA:419,9
DA:423,3
DA:425,2
DA:427,1
DA:438,2
DA:480,2
LF:151
LH:146
BRDA:13,0,0,0
BRDA:13,0,1,21
BRDA:14,1,0,0
BRDA:14,1,1,21
BRDA:20,2,0,15
BRDA:20,2,1,6
BRDA:26,3,0,15
BRDA:26,3,1,0
BRDA:26,4,0,15
BRDA:26,4,1,15
BRDA:26,4,2,15
BRDA:26,4,3,15
BRDA:28,5,0,15
BRDA:28,5,1,0
BRDA:34,6,0,1
BRDA:34,6,1,5
BRDA:39,7,0,1
BRDA:39,7,1,0
BRDA:39,8,0,1
BRDA:39,8,1,1
BRDA:39,8,2,1
BRDA:39,8,3,1
BRDA:41,9,0,1
BRDA:41,9,1,0
BRDA:47,10,0,4
BRDA:47,10,1,1
BRDA:49,11,0,4
BRDA:49,11,1,0
BRDA:54,12,0,0
BRDA:54,12,1,1
BRDA:69,13,0,1
BRDA:69,13,1,7
BRDA:71,14,0,1
BRDA:71,14,1,6
BRDA:79,15,0,0
BRDA:79,15,1,2
BRDA:81,16,0,2
BRDA:81,16,1,0
BRDA:88,17,0,0
BRDA:88,17,1,3
BRDA:90,18,0,3
BRDA:90,18,1,0
BRDA:97,19,0,0
BRDA:97,19,1,3
BRDA:99,20,0,3
BRDA:99,20,1,0
BRDA:106,21,0,0
BRDA:106,21,1,2
BRDA:106,22,0,2
BRDA:106,22,1,2
BRDA:109,23,0,0
BRDA:109,23,1,2
BRDA:109,24,0,2
BRDA:109,24,1,2
BRDA:118,25,0,1
BRDA:119,26,0,0
BRDA:119,26,1,2
BRDA:121,27,0,0
BRDA:121,27,1,2
BRDA:148,28,0,1
BRDA:148,28,1,8
BRDA:156,29,0,1
BRDA:156,29,1,2
BRDA:164,30,0,0
BRDA:164,30,1,4
BRDA:179,31,0,0
BRDA:179,31,1,2
BRDA:181,32,0,0
BRDA:181,32,1,2
BRDA:191,33,0,0
BRDA:191,33,1,1
BRDA:199,34,0,0
BRDA:199,34,1,2
BRDA:207,35,0,0
BRDA:207,35,1,3
BRDA:218,36,0,0
BRDA:218,36,1,4
BRDA:220,37,0,4
BRDA:220,37,1,0
BRDA:223,38,0,1
BRDA:223,38,1,3
BRDA:226,39,0,0
BRDA:226,39,1,0
BRDA:233,40,0,1
BRDA:233,40,1,2
BRDA:241,41,0,0
BRDA:241,41,1,4
BRDA:242,42,0,2
BRDA:242,42,1,2
BRDA:244,43,0,2
BRDA:244,43,1,1
BRDA:244,43,2,1
BRDA:244,43,3,1
BRDA:254,44,0,0
BRDA:255,45,0,0
BRDA:255,45,1,7
BRDA:257,46,0,0
BRDA:257,46,1,7
BRDA:265,47,0,0
BRDA:265,47,1,2
BRDA:267,48,0,0
BRDA:267,48,1,2
BRDA:274,49,0,0
BRDA:274,49,1,2
BRDA:276,50,0,0
BRDA:276,50,1,2
BRDA:283,51,0,0
BRDA:283,51,1,2
BRDA:285,52,0,0
BRDA:285,52,1,2
BRDA:293,53,0,2
BRDA:293,53,1,0
BRDA:301,54,0,2
BRDA:301,54,1,0
BRDA:310,55,0,5
BRDA:310,55,1,3
BRDA:317,56,0,3
BRDA:317,56,1,2
BRDA:324,57,0,1
BRDA:324,57,1,1
BRDA:340,58,0,0
BRDA:340,58,1,89
BRDA:340,59,0,89
BRDA:340,59,1,89
BRDA:353,60,0,86
BRDA:353,60,1,3
BRDA:373,61,0,2
BRDA:373,61,1,83
BRDA:391,62,0,1
BRDA:391,62,1,4
BRDA:391,63,0,5
BRDA:391,63,1,4
BRDA:398,64,0,4
BRDA:398,64,1,0
BRDA:402,65,0,1
BRDA:402,65,1,3
BRDA:414,66,0,3
BRDA:414,66,1,12
BRDA:414,67,0,15
BRDA:414,67,1,12
BRDA:416,68,0,3
BRDA:416,68,1,9
BRDA:416,69,0,12
BRDA:416,69,1,9
BRDA:416,69,2,9
BRF:145
BRH:103
end_of_record
